<?xml version="1.0" encoding="UTF-8"?>
<testng-results ignored="0" total="1" passed="1" failed="0" skipped="0">
  <reporter-output>
  </reporter-output>
  <suite started-at="2020-05-22T14:58:38 IST" name="Default suite" finished-at="2020-05-22T14:59:05 IST" duration-ms="27613">
    <groups>
    </groups>
    <test started-at="2020-05-22T14:58:38 IST" name="Default test" finished-at="2020-05-22T14:59:05 IST" duration-ms="27613">
      <class name="testcases.LginApplication">
        <test-method signature="Login()[pri:0, instance:testcases.LginApplication@4387b79e]" started-at="2020-05-22T14:58:38 IST" name="Login" finished-at="2020-05-22T14:59:05 IST" duration-ms="27437" status="PASS">
          <reporter-output>
          </reporter-output>
        </test-method> <!-- Login -->
      </class> <!-- testcases.LginApplication -->
    </test> <!-- Default test -->
  </suite> <!-- Default suite -->
</testng-results>
